Error: unexpected character 'G' (0x47)
[/home/will/SRC/WorldFoundry/wfsource/levels.src/oad/gold.iff.txt:258]: 
Error: unexpected character 'o' (0x6f)
[/home/will/SRC/WorldFoundry/wfsource/levels.src/oad/gold.iff.txt:258]: 
Error: unexpected character 'l' (0x6c)
[/home/will/SRC/WorldFoundry/wfsource/levels.src/oad/gold.iff.txt:258]: 
Error: unexpected character 'd' (0x64)
[/home/will/SRC/WorldFoundry/wfsource/levels.src/oad/gold.iff.txt:258]: 
Error: unexpected character '_' (0x5f)
[/home/will/SRC/WorldFoundry/wfsource/levels.src/oad/gold.iff.txt:258]: 
Error: unexpected character 'K' (0x4b)
[/home/will/SRC/WorldFoundry/wfsource/levels.src/oad/gold.iff.txt:258]: 
Error: unexpected character 'I' (0x49)
[/home/will/SRC/WorldFoundry/wfsource/levels.src/oad/gold.iff.txt:258]: 
Error: unexpected character 'N' (0x4e)
[/home/will/SRC/WorldFoundry/wfsource/levels.src/oad/gold.iff.txt:258]: 
Error: unexpected character 'D' (0x44)
[/home/will/SRC/WorldFoundry/wfsource/levels.src/oad/gold.iff.txt:258]: 
Error: unexpected character 'l' (0x6c)
[/home/will/SRC/WorldFoundry/wfsource/levels.src/oad/gold.iff.txt:258]: 
